<?xml version="1.0" encoding="UTF-8"?>
<testsuite xmlns:xsi="http://www.w3.org/2001/XMLSchema-instance" xsi:noNamespaceSchemaLocation="https://maven.apache.org/surefire/maven-surefire-plugin/xsd/surefire-test-report.xsd" name="ICalculatorTest" time="0.031" tests="21" errors="0" skipped="0" failures="0">
  <properties>
[...]
</properties>
  <testcase name="divide_positive" classname="ICalculatorTest" time="0.016"/>
  <testcase name="divide_negative" classname="ICalculatorTest" time="0"/>
  <testcase name="multiply_max_value" classname="ICalculatorTest" time="0"/>
  <testcase name="divide_null" classname="ICalculatorTest" time="0"/>
  <testcase name="divide_zero" classname="ICalculatorTest" time="0"/>
  <testcase name="subtract_positive" classname="ICalculatorTest" time="0"/>
  <testcase name="add_positive" classname="ICalculatorTest" time="0"/>
  <testcase name="subtract_negative" classname="ICalculatorTest" time="0"/>
  <testcase name="add_null" classname="ICalculatorTest" time="0"/>
  <testcase name="add_zero" classname="ICalculatorTest" time="0"/>
  <testcase name="add_negative" classname="ICalculatorTest" time="0"/>
  <testcase name="multiply_null" classname="ICalculatorTest" time="0.015"/>
  <testcase name="multiply_zero" classname="ICalculatorTest" time="0"/>
  <testcase name="subtract_null" classname="ICalculatorTest" time="0"/>
  <testcase name="subtract_zero" classname="ICalculatorTest" time="0"/>
  <testcase name="add_max_value" classname="ICalculatorTest" time="0"/>
  <testcase name="divide_by_zero" classname="ICalculatorTest" time="0"/>
  <testcase name="subtract_max_value" classname="ICalculatorTest" time="0"/>
  <testcase name="divide_max_value" classname="ICalculatorTest" time="0"/>
  <testcase name="multiply_positive" classname="ICalculatorTest" time="0"/>
  <testcase name="multiply_negative" classname="ICalculatorTest" time="0"/>
</testsuite>